[debug] [2020-10-15T03:01:22.118Z] ----------------------------------------------------------------------
[debug] [2020-10-15T03:01:22.120Z] Command:       /usr/bin/node /usr/local/bin/firebase emulators:start
[debug] [2020-10-15T03:01:22.120Z] CLI Version:   8.12.1
[debug] [2020-10-15T03:01:22.120Z] Platform:      linux
[debug] [2020-10-15T03:01:22.120Z] Node Version:  v10.19.0
[debug] [2020-10-15T03:01:22.121Z] Time:          Wed Oct 14 2020 23:01:22 GMT-0400 (Eastern Daylight Time)
[debug] [2020-10-15T03:01:22.121Z] ----------------------------------------------------------------------
[debug] [2020-10-15T03:01:22.121Z] 
[debug] [2020-10-15T03:01:22.128Z] > command requires scopes: ["email","openid","https://www.googleapis.com/auth/cloudplatformprojects.readonly","https://www.googleapis.com/auth/firebase","https://www.googleapis.com/auth/cloud-platform"]
[debug] [2020-10-15T03:01:22.129Z] > authorizing via signed-in user
[info] i  emulators: Starting emulators: functions, hosting {"metadata":{"emulator":{"name":"hub"},"message":"Starting emulators: functions, hosting"}}
[debug] [2020-10-15T03:01:22.152Z] [hub] writing locator at /tmp/hub-amz-clone-8c5ef.json
[warn] ⚠  functions: The following emulators are not running, calls to these services from the Functions emulator will affect production: auth, firestore, database, pubsub {"metadata":{"emulator":{"name":"functions"},"message":"The following emulators are not running, calls to these services from the Functions emulator will affect production: \u001b[1mauth, firestore, database, pubsub\u001b[22m"}}
[info] ✔  functions: Using node@10 from host. {"metadata":{"emulator":{"name":"functions"},"message":"Using node@10 from host."}}
[debug] [2020-10-15T03:01:22.191Z] defaultcredentials: writing to file /home/jztimm/.config/firebase/jztimm_gmail_com_application_default_credentials.json
[debug] [2020-10-15T03:01:22.194Z] Setting GAC to /home/jztimm/.config/firebase/jztimm_gmail_com_application_default_credentials.json {"metadata":{"emulator":{"name":"functions"},"message":"Setting GAC to /home/jztimm/.config/firebase/jztimm_gmail_com_application_default_credentials.json"}}
[debug] [2020-10-15T03:01:22.206Z] >>> HTTP REQUEST GET https://firebase.googleapis.com/v1beta1/projects/amz-clone-8c5ef/webApps/-/config  
 
[debug] [2020-10-15T03:01:22.561Z] <<< HTTP RESPONSE 200 {"content-type":"application/json; charset=UTF-8","vary":"X-Origin, Referer, Origin,Accept-Encoding","date":"Thu, 15 Oct 2020 03:01:21 GMT","server":"ESF","cache-control":"private","x-xss-protection":"0","x-frame-options":"SAMEORIGIN","x-content-type-options":"nosniff","alt-svc":"h3-Q050=\":443\"; ma=2592000,h3-29=\":443\"; ma=2592000,h3-27=\":443\"; ma=2592000,h3-T051=\":443\"; ma=2592000,h3-T050=\":443\"; ma=2592000,h3-Q046=\":443\"; ma=2592000,h3-Q043=\":443\"; ma=2592000,quic=\":443\"; ma=2592000; v=\"46,43\"","accept-ranges":"none","transfer-encoding":"chunked"}
[info] i  hosting: Serving hosting files from: build {"metadata":{"emulator":{"name":"hosting"},"message":"Serving hosting files from: \u001b[1mbuild\u001b[22m"}}
[info] ✔  hosting: Local server: http://localhost:5000 {"metadata":{"emulator":{"name":"hosting"},"message":"Local server: \u001b[4m\u001b[1mhttp://localhost:5000\u001b[22m\u001b[24m"}}
[debug] [2020-10-15T03:01:22.589Z] Ignoring unsupported arg: auto_download {"metadata":{"emulator":{"name":"ui"},"message":"Ignoring unsupported arg: auto_download"}}
[debug] [2020-10-15T03:01:22.589Z] Ignoring unsupported arg: port {"metadata":{"emulator":{"name":"ui"},"message":"Ignoring unsupported arg: port"}}
[debug] [2020-10-15T03:01:22.589Z] Starting Emulator UI with command {"binary":"node","args":["/home/jztimm/.cache/firebase/emulators/ui-v1.1.1/server.bundle.js"],"optionalArgs":[],"joinArgs":false} {"metadata":{"emulator":{"name":"ui"},"message":"Starting Emulator UI with command {\"binary\":\"node\",\"args\":[\"/home/jztimm/.cache/firebase/emulators/ui-v1.1.1/server.bundle.js\"],\"optionalArgs\":[],\"joinArgs\":false}"}}
[info] i  ui: Emulator UI logging to ui-debug.log {"metadata":{"emulator":{"name":"ui"},"message":"Emulator UI logging to \u001b[1mui-debug.log\u001b[22m"}}
[debug] [2020-10-15T03:01:23.010Z] Web / API server started at http://localhost:4000
 {"metadata":{"emulator":{"name":"ui"},"message":"Web / API server started at http://localhost:4000\n"}}
[info] i  functions: Watching "/home/jztimm/code/labs/mod5-project/solo-testing/amz-clone/functions" for Cloud Functions... {"metadata":{"emulator":{"name":"functions"},"message":"Watching \"/home/jztimm/code/labs/mod5-project/solo-testing/amz-clone/functions\" for Cloud Functions..."}}
[debug] [2020-10-15T03:01:23.126Z] [worker-pool] addWorker(~diagnostic~) {"metadata":{"emulator":{"name":"functions"},"message":"[worker-pool] addWorker(~diagnostic~)"}}
[debug] [2020-10-15T03:01:23.126Z] [worker-pool] Adding worker with key ~diagnostic~, total=1 {"metadata":{"emulator":{"name":"functions"},"message":"[worker-pool] Adding worker with key ~diagnostic~, total=1"}}
[debug] [2020-10-15T03:01:23.126Z] [worker-pool] submitWork(triggerId=) {"metadata":{"emulator":{"name":"functions"},"message":"[worker-pool] submitWork(triggerId=)"}}
[debug] [2020-10-15T03:01:23.126Z] [worker-~diagnostic~-3637a1e9-998e-4f80-83cb-686c7c433b77]: Assigning socketPath: /tmp/fire_emu_10671.sock {"metadata":{"emulator":{"name":"functions"},"message":"[worker-~diagnostic~-3637a1e9-998e-4f80-83cb-686c7c433b77]: Assigning socketPath: /tmp/fire_emu_10671.sock"}}
[debug] [2020-10-15T03:01:23.127Z] [worker-~diagnostic~-3637a1e9-998e-4f80-83cb-686c7c433b77]: BUSY {"metadata":{"emulator":{"name":"functions"},"message":"[worker-~diagnostic~-3637a1e9-998e-4f80-83cb-686c7c433b77]: BUSY"}}
[debug] [2020-10-15T03:01:23.871Z] [runtime-status] [10671] Functions runtime initialized. {"cwd":"/home/jztimm/code/labs/mod5-project/solo-testing/amz-clone/functions","node_version":"10.19.0"} {"metadata":{"emulator":{"name":"functions"},"message":"[runtime-status] [10671] Functions runtime initialized. {\"cwd\":\"/home/jztimm/code/labs/mod5-project/solo-testing/amz-clone/functions\",\"node_version\":\"10.19.0\"}"}}
[debug] [2020-10-15T03:01:23.872Z] [runtime-status] [10671] Disabled runtime features: undefined {"metadata":{"emulator":{"name":"functions"},"message":"[runtime-status] [10671] Disabled runtime features: undefined"}}
[debug] [2020-10-15T03:01:23.874Z] [runtime-status] [10671] Resolved module firebase-admin {"declared":true,"installed":true,"version":"8.13.0","resolution":"/home/jztimm/code/labs/mod5-project/solo-testing/amz-clone/functions/node_modules/firebase-admin/lib/index.js"} {"metadata":{"emulator":{"name":"functions"},"message":"[runtime-status] [10671] Resolved module firebase-admin {\"declared\":true,\"installed\":true,\"version\":\"8.13.0\",\"resolution\":\"/home/jztimm/code/labs/mod5-project/solo-testing/amz-clone/functions/node_modules/firebase-admin/lib/index.js\"}"}}
[debug] [2020-10-15T03:01:23.875Z] [runtime-status] [10671] Resolved module firebase-functions {"declared":true,"installed":true,"version":"3.11.0","resolution":"/home/jztimm/code/labs/mod5-project/solo-testing/amz-clone/functions/node_modules/firebase-functions/lib/index.js"} {"metadata":{"emulator":{"name":"functions"},"message":"[runtime-status] [10671] Resolved module firebase-functions {\"declared\":true,\"installed\":true,\"version\":\"3.11.0\",\"resolution\":\"/home/jztimm/code/labs/mod5-project/solo-testing/amz-clone/functions/node_modules/firebase-functions/lib/index.js\"}"}}
[debug] [2020-10-15T03:01:23.876Z] [runtime-status] [10671] Resolved module firebase-functions {"declared":true,"installed":true,"version":"3.11.0","resolution":"/home/jztimm/code/labs/mod5-project/solo-testing/amz-clone/functions/node_modules/firebase-functions/lib/index.js"} {"metadata":{"emulator":{"name":"functions"},"message":"[runtime-status] [10671] Resolved module firebase-functions {\"declared\":true,\"installed\":true,\"version\":\"3.11.0\",\"resolution\":\"/home/jztimm/code/labs/mod5-project/solo-testing/amz-clone/functions/node_modules/firebase-functions/lib/index.js\"}"}}
[debug] [2020-10-15T03:01:23.879Z] [runtime-status] [10671] Outgoing network have been stubbed. [{"name":"http","status":"mocked"},{"name":"http","status":"mocked"},{"name":"https","status":"mocked"},{"name":"https","status":"mocked"},{"name":"net","status":"mocked"}] {"metadata":{"emulator":{"name":"functions"},"message":"[runtime-status] [10671] Outgoing network have been stubbed. [{\"name\":\"http\",\"status\":\"mocked\"},{\"name\":\"http\",\"status\":\"mocked\"},{\"name\":\"https\",\"status\":\"mocked\"},{\"name\":\"https\",\"status\":\"mocked\"},{\"name\":\"net\",\"status\":\"mocked\"}]"}}
[debug] [2020-10-15T03:01:23.880Z] [runtime-status] [10671] Resolved module firebase-functions {"declared":true,"installed":true,"version":"3.11.0","resolution":"/home/jztimm/code/labs/mod5-project/solo-testing/amz-clone/functions/node_modules/firebase-functions/lib/index.js"} {"metadata":{"emulator":{"name":"functions"},"message":"[runtime-status] [10671] Resolved module firebase-functions {\"declared\":true,\"installed\":true,\"version\":\"3.11.0\",\"resolution\":\"/home/jztimm/code/labs/mod5-project/solo-testing/amz-clone/functions/node_modules/firebase-functions/lib/index.js\"}"}}
[debug] [2020-10-15T03:01:23.920Z] [runtime-status] [10671] Checked functions.config() {"config":{}} {"metadata":{"emulator":{"name":"functions"},"message":"[runtime-status] [10671] Checked functions.config() {\"config\":{}}"}}
[debug] [2020-10-15T03:01:23.920Z] [runtime-status] [10671] firebase-functions has been stubbed. {"functionsResolution":{"declared":true,"installed":true,"version":"3.11.0","resolution":"/home/jztimm/code/labs/mod5-project/solo-testing/amz-clone/functions/node_modules/firebase-functions/lib/index.js"}} {"metadata":{"emulator":{"name":"functions"},"message":"[runtime-status] [10671] firebase-functions has been stubbed. {\"functionsResolution\":{\"declared\":true,\"installed\":true,\"version\":\"3.11.0\",\"resolution\":\"/home/jztimm/code/labs/mod5-project/solo-testing/amz-clone/functions/node_modules/firebase-functions/lib/index.js\"}}"}}
[debug] [2020-10-15T03:01:23.921Z] [runtime-status] [10671] Resolved module firebase-functions {"declared":true,"installed":true,"version":"3.11.0","resolution":"/home/jztimm/code/labs/mod5-project/solo-testing/amz-clone/functions/node_modules/firebase-functions/lib/index.js"} {"metadata":{"emulator":{"name":"functions"},"message":"[runtime-status] [10671] Resolved module firebase-functions {\"declared\":true,\"installed\":true,\"version\":\"3.11.0\",\"resolution\":\"/home/jztimm/code/labs/mod5-project/solo-testing/amz-clone/functions/node_modules/firebase-functions/lib/index.js\"}"}}
[debug] [2020-10-15T03:01:23.922Z] [runtime-status] [10671] Resolved module firebase-admin {"declared":true,"installed":true,"version":"8.13.0","resolution":"/home/jztimm/code/labs/mod5-project/solo-testing/amz-clone/functions/node_modules/firebase-admin/lib/index.js"} {"metadata":{"emulator":{"name":"functions"},"message":"[runtime-status] [10671] Resolved module firebase-admin {\"declared\":true,\"installed\":true,\"version\":\"8.13.0\",\"resolution\":\"/home/jztimm/code/labs/mod5-project/solo-testing/amz-clone/functions/node_modules/firebase-admin/lib/index.js\"}"}}
[debug] [2020-10-15T03:01:23.923Z] [runtime-status] [10671] Resolved module firebase-functions {"declared":true,"installed":true,"version":"3.11.0","resolution":"/home/jztimm/code/labs/mod5-project/solo-testing/amz-clone/functions/node_modules/firebase-functions/lib/index.js"} {"metadata":{"emulator":{"name":"functions"},"message":"[runtime-status] [10671] Resolved module firebase-functions {\"declared\":true,\"installed\":true,\"version\":\"3.11.0\",\"resolution\":\"/home/jztimm/code/labs/mod5-project/solo-testing/amz-clone/functions/node_modules/firebase-functions/lib/index.js\"}"}}
[debug] [2020-10-15T03:01:23.923Z] [runtime-status] [10671] firebase-admin has been stubbed. {"adminResolution":{"declared":true,"installed":true,"version":"8.13.0","resolution":"/home/jztimm/code/labs/mod5-project/solo-testing/amz-clone/functions/node_modules/firebase-admin/lib/index.js"}} {"metadata":{"emulator":{"name":"functions"},"message":"[runtime-status] [10671] firebase-admin has been stubbed. {\"adminResolution\":{\"declared\":true,\"installed\":true,\"version\":\"8.13.0\",\"resolution\":\"/home/jztimm/code/labs/mod5-project/solo-testing/amz-clone/functions/node_modules/firebase-admin/lib/index.js\"}}"}}
[info] ✔  functions[api]: http function initialized (http://localhost:5001/amz-clone-8c5ef/us-central1/api). {"metadata":{"emulator":{"name":"functions"},"message":"\u001b[1mhttp\u001b[22m function initialized (http://localhost:5001/amz-clone-8c5ef/us-central1/api)."}}
[info] 
┌───────────────────────────────────────────────────────────────────────┐
│ ✔  All emulators ready! View status and logs at http://localhost:4000 │
└───────────────────────────────────────────────────────────────────────┘

┌───────────┬────────────────┬─────────────────────────────────┐
│ Emulator  │ Host:Port      │ View in Emulator UI             │
├───────────┼────────────────┼─────────────────────────────────┤
│ Functions │ localhost:5001 │ http://localhost:4000/functions │
├───────────┼────────────────┼─────────────────────────────────┤
│ Hosting   │ localhost:5000 │ n/a                             │
└───────────┴────────────────┴─────────────────────────────────┘
  Other reserved ports: 4400, 4500

Issues? Report them at https://github.com/firebase/firebase-tools/issues and attach the *-debug.log files.
 
[debug] [2020-10-15T03:01:24.073Z] [worker-~diagnostic~-3637a1e9-998e-4f80-83cb-686c7c433b77]: IDLE {"metadata":{"emulator":{"name":"functions"},"message":"[worker-~diagnostic~-3637a1e9-998e-4f80-83cb-686c7c433b77]: IDLE"}}
[debug] [2020-10-15T03:01:48.960Z] [work-queue] {"queueLength":1,"workRunningCount":0}
[debug] [2020-10-15T03:01:48.961Z] [work-queue] {"queueLength":0,"workRunningCount":1}
[debug] [2020-10-15T03:01:48.961Z] Accepted request POST /amz-clone-8c5ef/us-central1/api/payments/create?total=89999 --> api
[debug] [2020-10-15T03:01:48.974Z] [worker-pool] addWorker(api) {"metadata":{"emulator":{"name":"functions"},"message":"[worker-pool] addWorker(api)"}}
[debug] [2020-10-15T03:01:48.974Z] [worker-pool] Adding worker with key api, total=1 {"metadata":{"emulator":{"name":"functions"},"message":"[worker-pool] Adding worker with key api, total=1"}}
[debug] [2020-10-15T03:01:48.975Z] [worker-pool] submitWork(triggerId=api) {"metadata":{"emulator":{"name":"functions"},"message":"[worker-pool] submitWork(triggerId=api)"}}
[debug] [2020-10-15T03:01:48.975Z] [worker-api-2eb7c498-f491-4c16-9d81-b80a2edc1445]: Assigning socketPath: /tmp/fire_emu_10681.sock {"metadata":{"emulator":{"name":"functions"},"message":"[worker-api-2eb7c498-f491-4c16-9d81-b80a2edc1445]: Assigning socketPath: /tmp/fire_emu_10681.sock"}}
[debug] [2020-10-15T03:01:48.975Z] [worker-api-2eb7c498-f491-4c16-9d81-b80a2edc1445]: BUSY {"metadata":{"emulator":{"name":"functions"},"message":"[worker-api-2eb7c498-f491-4c16-9d81-b80a2edc1445]: BUSY"}}
[debug] [2020-10-15T03:01:49.693Z] [runtime-status] [10681] Functions runtime initialized. {"cwd":"/home/jztimm/code/labs/mod5-project/solo-testing/amz-clone/functions","node_version":"10.19.0"} {"metadata":{"emulator":{"name":"functions"},"function":{"name":"api"},"message":"[runtime-status] [10681] Functions runtime initialized. {\"cwd\":\"/home/jztimm/code/labs/mod5-project/solo-testing/amz-clone/functions\",\"node_version\":\"10.19.0\"}"}}
[debug] [2020-10-15T03:01:49.695Z] [runtime-status] [10681] Disabled runtime features: undefined {"metadata":{"emulator":{"name":"functions"},"function":{"name":"api"},"message":"[runtime-status] [10681] Disabled runtime features: undefined"}}
[debug] [2020-10-15T03:01:49.697Z] [runtime-status] [10681] Resolved module firebase-admin {"declared":true,"installed":true,"version":"8.13.0","resolution":"/home/jztimm/code/labs/mod5-project/solo-testing/amz-clone/functions/node_modules/firebase-admin/lib/index.js"} {"metadata":{"emulator":{"name":"functions"},"function":{"name":"api"},"message":"[runtime-status] [10681] Resolved module firebase-admin {\"declared\":true,\"installed\":true,\"version\":\"8.13.0\",\"resolution\":\"/home/jztimm/code/labs/mod5-project/solo-testing/amz-clone/functions/node_modules/firebase-admin/lib/index.js\"}"}}
[debug] [2020-10-15T03:01:49.700Z] [runtime-status] [10681] Resolved module firebase-functions {"declared":true,"installed":true,"version":"3.11.0","resolution":"/home/jztimm/code/labs/mod5-project/solo-testing/amz-clone/functions/node_modules/firebase-functions/lib/index.js"} {"metadata":{"emulator":{"name":"functions"},"function":{"name":"api"},"message":"[runtime-status] [10681] Resolved module firebase-functions {\"declared\":true,\"installed\":true,\"version\":\"3.11.0\",\"resolution\":\"/home/jztimm/code/labs/mod5-project/solo-testing/amz-clone/functions/node_modules/firebase-functions/lib/index.js\"}"}}
[debug] [2020-10-15T03:01:49.700Z] [runtime-status] [10681] Resolved module firebase-functions {"declared":true,"installed":true,"version":"3.11.0","resolution":"/home/jztimm/code/labs/mod5-project/solo-testing/amz-clone/functions/node_modules/firebase-functions/lib/index.js"} {"metadata":{"emulator":{"name":"functions"},"function":{"name":"api"},"message":"[runtime-status] [10681] Resolved module firebase-functions {\"declared\":true,\"installed\":true,\"version\":\"3.11.0\",\"resolution\":\"/home/jztimm/code/labs/mod5-project/solo-testing/amz-clone/functions/node_modules/firebase-functions/lib/index.js\"}"}}
[debug] [2020-10-15T03:01:49.702Z] [runtime-status] [10681] Outgoing network have been stubbed. [{"name":"http","status":"mocked"},{"name":"http","status":"mocked"},{"name":"https","status":"mocked"},{"name":"https","status":"mocked"},{"name":"net","status":"mocked"}] {"metadata":{"emulator":{"name":"functions"},"function":{"name":"api"},"message":"[runtime-status] [10681] Outgoing network have been stubbed. [{\"name\":\"http\",\"status\":\"mocked\"},{\"name\":\"http\",\"status\":\"mocked\"},{\"name\":\"https\",\"status\":\"mocked\"},{\"name\":\"https\",\"status\":\"mocked\"},{\"name\":\"net\",\"status\":\"mocked\"}]"}}
[debug] [2020-10-15T03:01:49.704Z] [runtime-status] [10681] Resolved module firebase-functions {"declared":true,"installed":true,"version":"3.11.0","resolution":"/home/jztimm/code/labs/mod5-project/solo-testing/amz-clone/functions/node_modules/firebase-functions/lib/index.js"} {"metadata":{"emulator":{"name":"functions"},"function":{"name":"api"},"message":"[runtime-status] [10681] Resolved module firebase-functions {\"declared\":true,\"installed\":true,\"version\":\"3.11.0\",\"resolution\":\"/home/jztimm/code/labs/mod5-project/solo-testing/amz-clone/functions/node_modules/firebase-functions/lib/index.js\"}"}}
[debug] [2020-10-15T03:01:49.747Z] [runtime-status] [10681] Checked functions.config() {"config":{}} {"metadata":{"emulator":{"name":"functions"},"function":{"name":"api"},"message":"[runtime-status] [10681] Checked functions.config() {\"config\":{}}"}}
[debug] [2020-10-15T03:01:49.747Z] [runtime-status] [10681] firebase-functions has been stubbed. {"functionsResolution":{"declared":true,"installed":true,"version":"3.11.0","resolution":"/home/jztimm/code/labs/mod5-project/solo-testing/amz-clone/functions/node_modules/firebase-functions/lib/index.js"}} {"metadata":{"emulator":{"name":"functions"},"function":{"name":"api"},"message":"[runtime-status] [10681] firebase-functions has been stubbed. {\"functionsResolution\":{\"declared\":true,\"installed\":true,\"version\":\"3.11.0\",\"resolution\":\"/home/jztimm/code/labs/mod5-project/solo-testing/amz-clone/functions/node_modules/firebase-functions/lib/index.js\"}}"}}
[debug] [2020-10-15T03:01:49.748Z] [runtime-status] [10681] Resolved module firebase-functions {"declared":true,"installed":true,"version":"3.11.0","resolution":"/home/jztimm/code/labs/mod5-project/solo-testing/amz-clone/functions/node_modules/firebase-functions/lib/index.js"} {"metadata":{"emulator":{"name":"functions"},"function":{"name":"api"},"message":"[runtime-status] [10681] Resolved module firebase-functions {\"declared\":true,\"installed\":true,\"version\":\"3.11.0\",\"resolution\":\"/home/jztimm/code/labs/mod5-project/solo-testing/amz-clone/functions/node_modules/firebase-functions/lib/index.js\"}"}}
[debug] [2020-10-15T03:01:49.749Z] [runtime-status] [10681] Resolved module firebase-admin {"declared":true,"installed":true,"version":"8.13.0","resolution":"/home/jztimm/code/labs/mod5-project/solo-testing/amz-clone/functions/node_modules/firebase-admin/lib/index.js"} {"metadata":{"emulator":{"name":"functions"},"function":{"name":"api"},"message":"[runtime-status] [10681] Resolved module firebase-admin {\"declared\":true,\"installed\":true,\"version\":\"8.13.0\",\"resolution\":\"/home/jztimm/code/labs/mod5-project/solo-testing/amz-clone/functions/node_modules/firebase-admin/lib/index.js\"}"}}
[debug] [2020-10-15T03:01:49.750Z] [runtime-status] [10681] Resolved module firebase-functions {"declared":true,"installed":true,"version":"3.11.0","resolution":"/home/jztimm/code/labs/mod5-project/solo-testing/amz-clone/functions/node_modules/firebase-functions/lib/index.js"} {"metadata":{"emulator":{"name":"functions"},"function":{"name":"api"},"message":"[runtime-status] [10681] Resolved module firebase-functions {\"declared\":true,\"installed\":true,\"version\":\"3.11.0\",\"resolution\":\"/home/jztimm/code/labs/mod5-project/solo-testing/amz-clone/functions/node_modules/firebase-functions/lib/index.js\"}"}}
[debug] [2020-10-15T03:01:49.751Z] [runtime-status] [10681] firebase-admin has been stubbed. {"adminResolution":{"declared":true,"installed":true,"version":"8.13.0","resolution":"/home/jztimm/code/labs/mod5-project/solo-testing/amz-clone/functions/node_modules/firebase-admin/lib/index.js"}} {"metadata":{"emulator":{"name":"functions"},"function":{"name":"api"},"message":"[runtime-status] [10681] firebase-admin has been stubbed. {\"adminResolution\":{\"declared\":true,\"installed\":true,\"version\":\"8.13.0\",\"resolution\":\"/home/jztimm/code/labs/mod5-project/solo-testing/amz-clone/functions/node_modules/firebase-admin/lib/index.js\"}}"}}
[debug] [2020-10-15T03:01:49.911Z] [runtime-status] [10681] Trigger "api" has been found, beginning invocation! {"metadata":{"emulator":{"name":"functions"},"function":{"name":"api"},"message":"[runtime-status] [10681] Trigger \"api\" has been found, beginning invocation!"}}
[info] i  functions: Beginning execution of "api" {"metadata":{"emulator":{"name":"functions"},"function":{"name":"api"},"message":"Beginning execution of \"api\""}}
[debug] [2020-10-15T03:01:49.913Z] [runtime-status] [10681] triggerDefinition {"httpsTrigger":{},"name":"api","entryPoint":"api"} {"metadata":{"emulator":{"name":"functions"},"function":{"name":"api"},"message":"[runtime-status] [10681] triggerDefinition {\"httpsTrigger\":{},\"name\":\"api\",\"entryPoint\":\"api\"}"}}
[debug] [2020-10-15T03:01:49.913Z] [runtime-status] [10681] Running api in mode HTTPS {"metadata":{"emulator":{"name":"functions"},"function":{"name":"api"},"message":"[runtime-status] [10681] Running api in mode HTTPS"}}
[debug] [2020-10-15T03:01:49.920Z] [runtime-status] [10681] Attempting to listen to socketPath: /tmp/fire_emu_10681.sock {"metadata":{"emulator":{"name":"functions"},"function":{"name":"api"},"message":"[runtime-status] [10681] Attempting to listen to socketPath: /tmp/fire_emu_10681.sock"}}
[debug] [2020-10-15T03:01:49.927Z] [functions] Runtime ready! Sending request! {"metadata":{"emulator":{"name":"functions"},"message":"[functions] Runtime ready! Sending request!"}}
[debug] [2020-10-15T03:01:49.937Z] [runtime-status] [10681] Ephemeral server handling POST request {"metadata":{"emulator":{"name":"functions"},"function":{"name":"api"},"message":"[runtime-status] [10681] Ephemeral server handling POST request"}}
[info] >  Payment Request Recieved, For this amount >>>  89999 {"user":"Payment Request Recieved, For this amount >>>  89999","metadata":{"emulator":{"name":"functions"},"function":{"name":"api"},"message":"\u001b[90m> \u001b[39m Payment Request Recieved, For this amount >>>  89999"}}
[debug] [2020-10-15T03:01:49.961Z] [runtime-status] [10681] Ephemeral server survived. {"metadata":{"emulator":{"name":"functions"},"function":{"name":"api"},"message":"[runtime-status] [10681] Ephemeral server survived."}}
[info] i  functions: Finished "api" in ~1s {"metadata":{"emulator":{"name":"functions"},"function":{"name":"api"},"message":"Finished \"api\" in ~1s"}}
[debug] [2020-10-15T03:01:50.261Z] [worker-api-2eb7c498-f491-4c16-9d81-b80a2edc1445]: IDLE {"metadata":{"emulator":{"name":"functions"},"message":"[worker-api-2eb7c498-f491-4c16-9d81-b80a2edc1445]: IDLE"}}
[debug] [2020-10-15T03:01:50.261Z] [work-queue] {"queueLength":0,"workRunningCount":0}
[debug] [2020-10-15T03:01:57.477Z] [work-queue] {"queueLength":1,"workRunningCount":0}
[debug] [2020-10-15T03:01:57.478Z] [work-queue] {"queueLength":0,"workRunningCount":1}
[debug] [2020-10-15T03:01:57.478Z] Accepted request POST /amz-clone-8c5ef/us-central1/api/payments/create?total=0 --> api
[debug] [2020-10-15T03:01:57.478Z] [worker-pool] submitWork(triggerId=api) {"metadata":{"emulator":{"name":"functions"},"message":"[worker-pool] submitWork(triggerId=api)"}}
[debug] [2020-10-15T03:01:57.478Z] [worker-api-2eb7c498-f491-4c16-9d81-b80a2edc1445]: Assigning socketPath: /tmp/fire_emu_10681.sock {"metadata":{"emulator":{"name":"functions"},"message":"[worker-api-2eb7c498-f491-4c16-9d81-b80a2edc1445]: Assigning socketPath: /tmp/fire_emu_10681.sock"}}
[debug] [2020-10-15T03:01:57.478Z] [worker-api-2eb7c498-f491-4c16-9d81-b80a2edc1445]: BUSY {"metadata":{"emulator":{"name":"functions"},"message":"[worker-api-2eb7c498-f491-4c16-9d81-b80a2edc1445]: BUSY"}}
[debug] [2020-10-15T03:01:57.479Z] [runtime-status] [10681] Trigger "api" has been found, beginning invocation! {"metadata":{"emulator":{"name":"functions"},"function":{"name":"api"},"message":"[runtime-status] [10681] Trigger \"api\" has been found, beginning invocation!"}}
[info] i  functions: Beginning execution of "api" {"metadata":{"emulator":{"name":"functions"},"function":{"name":"api"},"message":"Beginning execution of \"api\""}}
[debug] [2020-10-15T03:01:57.481Z] [runtime-status] [10681] triggerDefinition {"httpsTrigger":{},"name":"api","entryPoint":"api"} {"metadata":{"emulator":{"name":"functions"},"function":{"name":"api"},"message":"[runtime-status] [10681] triggerDefinition {\"httpsTrigger\":{},\"name\":\"api\",\"entryPoint\":\"api\"}"}}
[debug] [2020-10-15T03:01:57.481Z] [runtime-status] [10681] Running api in mode HTTPS {"metadata":{"emulator":{"name":"functions"},"function":{"name":"api"},"message":"[runtime-status] [10681] Running api in mode HTTPS"}}
[debug] [2020-10-15T03:01:57.482Z] [runtime-status] [10681] Attempting to listen to socketPath: /tmp/fire_emu_10681.sock {"metadata":{"emulator":{"name":"functions"},"function":{"name":"api"},"message":"[runtime-status] [10681] Attempting to listen to socketPath: /tmp/fire_emu_10681.sock"}}
[debug] [2020-10-15T03:01:57.484Z] [functions] Runtime ready! Sending request! {"metadata":{"emulator":{"name":"functions"},"message":"[functions] Runtime ready! Sending request!"}}
[debug] [2020-10-15T03:01:57.487Z] [runtime-status] [10681] Ephemeral server handling POST request {"metadata":{"emulator":{"name":"functions"},"function":{"name":"api"},"message":"[runtime-status] [10681] Ephemeral server handling POST request"}}
[info] >  Payment Request Recieved, For this amount >>>  0 {"user":"Payment Request Recieved, For this amount >>>  0","metadata":{"emulator":{"name":"functions"},"function":{"name":"api"},"message":"\u001b[90m> \u001b[39m Payment Request Recieved, For this amount >>>  0"}}
[debug] [2020-10-15T03:01:57.490Z] [runtime-status] [10681] Ephemeral server survived. {"metadata":{"emulator":{"name":"functions"},"function":{"name":"api"},"message":"[runtime-status] [10681] Ephemeral server survived."}}
[info] >  (node:10681) UnhandledPromiseRejectionWarning: Error: This value must be greater than or equal to 1. {"user":"(node:10681) UnhandledPromiseRejectionWarning: Error: This value must be greater than or equal to 1.","metadata":{"emulator":{"name":"functions"},"function":{"name":"api"},"message":"\u001b[90m> \u001b[39m (node:10681) UnhandledPromiseRejectionWarning: Error: This value must be greater than or equal to 1."}}
[info] >      at Function.generate (/home/jztimm/code/labs/mod5-project/solo-testing/amz-clone/functions/node_modules/stripe/lib/Error.js:39:16) {"user":"    at Function.generate (/home/jztimm/code/labs/mod5-project/solo-testing/amz-clone/functions/node_modules/stripe/lib/Error.js:39:16)","metadata":{"emulator":{"name":"functions"},"function":{"name":"api"},"message":"\u001b[90m> \u001b[39m     at Function.generate (/home/jztimm/code/labs/mod5-project/solo-testing/amz-clone/functions/node_modules/stripe/lib/Error.js:39:16)"}}
[info] >      at IncomingMessage.res.once (/home/jztimm/code/labs/mod5-project/solo-testing/amz-clone/functions/node_modules/stripe/lib/StripeResource.js:190:33) {"user":"    at IncomingMessage.res.once (/home/jztimm/code/labs/mod5-project/solo-testing/amz-clone/functions/node_modules/stripe/lib/StripeResource.js:190:33)","metadata":{"emulator":{"name":"functions"},"function":{"name":"api"},"message":"\u001b[90m> \u001b[39m     at IncomingMessage.res.once (/home/jztimm/code/labs/mod5-project/solo-testing/amz-clone/functions/node_modules/stripe/lib/StripeResource.js:190:33)"}}
[info] >      at Object.onceWrapper (events.js:286:20) {"user":"    at Object.onceWrapper (events.js:286:20)","metadata":{"emulator":{"name":"functions"},"function":{"name":"api"},"message":"\u001b[90m> \u001b[39m     at Object.onceWrapper (events.js:286:20)"}}
[info] >      at IncomingMessage.emit (events.js:203:15) {"user":"    at IncomingMessage.emit (events.js:203:15)","metadata":{"emulator":{"name":"functions"},"function":{"name":"api"},"message":"\u001b[90m> \u001b[39m     at IncomingMessage.emit (events.js:203:15)"}}
[info] >      at endReadableNT (_stream_readable.js:1145:12) {"user":"    at endReadableNT (_stream_readable.js:1145:12)","metadata":{"emulator":{"name":"functions"},"function":{"name":"api"},"message":"\u001b[90m> \u001b[39m     at endReadableNT (_stream_readable.js:1145:12)"}}
[info] >      at process._tickCallback (internal/process/next_tick.js:63:19) {"user":"    at process._tickCallback (internal/process/next_tick.js:63:19)","metadata":{"emulator":{"name":"functions"},"function":{"name":"api"},"message":"\u001b[90m> \u001b[39m     at process._tickCallback (internal/process/next_tick.js:63:19)"}}
[info] >  (node:10681) UnhandledPromiseRejectionWarning: Unhandled promise rejection. This error originated either by throwing inside of an async function without a catch block, or by rejecting a promise which was not handled with .catch(). (rejection id: 1) {"user":"(node:10681) UnhandledPromiseRejectionWarning: Unhandled promise rejection. This error originated either by throwing inside of an async function without a catch block, or by rejecting a promise which was not handled with .catch(). (rejection id: 1)","metadata":{"emulator":{"name":"functions"},"function":{"name":"api"},"message":"\u001b[90m> \u001b[39m (node:10681) UnhandledPromiseRejectionWarning: Unhandled promise rejection. This error originated either by throwing inside of an async function without a catch block, or by rejecting a promise which was not handled with .catch(). (rejection id: 1)"}}
[info] >  (node:10681) [DEP0018] DeprecationWarning: Unhandled promise rejections are deprecated. In the future, promise rejections that are not handled will terminate the Node.js process with a non-zero exit code. {"user":"(node:10681) [DEP0018] DeprecationWarning: Unhandled promise rejections are deprecated. In the future, promise rejections that are not handled will terminate the Node.js process with a non-zero exit code.","metadata":{"emulator":{"name":"functions"},"function":{"name":"api"},"message":"\u001b[90m> \u001b[39m (node:10681) [DEP0018] DeprecationWarning: Unhandled promise rejections are deprecated. In the future, promise rejections that are not handled will terminate the Node.js process with a non-zero exit code."}}
[warn] ⚠  functions: Your function timed out after ~60s. To configure this timeout, see
      https://firebase.google.com/docs/functions/manage-functions#set_timeout_and_memory_allocation. {"metadata":{"emulator":{"name":"functions"},"function":{"name":"api"},"message":"Your function timed out after ~60s. To configure this timeout, see\n      https://firebase.google.com/docs/functions/manage-functions#set_timeout_and_memory_allocation."}}
[info] >  /usr/local/lib/node_modules/firebase-tools/lib/emulator/functionsEmulatorRuntime.js:642 {"user":"/usr/local/lib/node_modules/firebase-tools/lib/emulator/functionsEmulatorRuntime.js:642","metadata":{"emulator":{"name":"functions"},"function":{"name":"api"},"message":"\u001b[90m> \u001b[39m /usr/local/lib/node_modules/firebase-tools/lib/emulator/functionsEmulatorRuntime.js:642"}}
[info] >                  throw new Error("Function timed out."); {"user":"                throw new Error(\"Function timed out.\");","metadata":{"emulator":{"name":"functions"},"function":{"name":"api"},"message":"\u001b[90m> \u001b[39m                 throw new Error(\"Function timed out.\");"}}
[info] >                  ^ {"user":"                ^","metadata":{"emulator":{"name":"functions"},"function":{"name":"api"},"message":"\u001b[90m> \u001b[39m                 ^"}}
[info] >   {"user":"","metadata":{"emulator":{"name":"functions"},"function":{"name":"api"},"message":"\u001b[90m> \u001b[39m "}}
[info] >  Error: Function timed out. {"user":"Error: Function timed out.","metadata":{"emulator":{"name":"functions"},"function":{"name":"api"},"message":"\u001b[90m> \u001b[39m Error: Function timed out."}}
[info] >      at Timeout.setTimeout [as _onTimeout] (/usr/local/lib/node_modules/firebase-tools/lib/emulator/functionsEmulatorRuntime.js:642:23) {"user":"    at Timeout.setTimeout [as _onTimeout] (/usr/local/lib/node_modules/firebase-tools/lib/emulator/functionsEmulatorRuntime.js:642:23)","metadata":{"emulator":{"name":"functions"},"function":{"name":"api"},"message":"\u001b[90m> \u001b[39m     at Timeout.setTimeout [as _onTimeout] (/usr/local/lib/node_modules/firebase-tools/lib/emulator/functionsEmulatorRuntime.js:642:23)"}}
[info] >      at ontimeout (timers.js:436:11) {"user":"    at ontimeout (timers.js:436:11)","metadata":{"emulator":{"name":"functions"},"function":{"name":"api"},"message":"\u001b[90m> \u001b[39m     at ontimeout (timers.js:436:11)"}}
[info] >      at tryOnTimeout (timers.js:300:5) {"user":"    at tryOnTimeout (timers.js:300:5)","metadata":{"emulator":{"name":"functions"},"function":{"name":"api"},"message":"\u001b[90m> \u001b[39m     at tryOnTimeout (timers.js:300:5)"}}
[info] >      at listOnTimeout (timers.js:263:5) {"user":"    at listOnTimeout (timers.js:263:5)","metadata":{"emulator":{"name":"functions"},"function":{"name":"api"},"message":"\u001b[90m> \u001b[39m     at listOnTimeout (timers.js:263:5)"}}
[info] >      at Timer.processTimers (timers.js:223:10) {"user":"    at Timer.processTimers (timers.js:223:10)","metadata":{"emulator":{"name":"functions"},"function":{"name":"api"},"message":"\u001b[90m> \u001b[39m     at Timer.processTimers (timers.js:223:10)"}}
[debug] [2020-10-15T03:02:57.518Z] [worker-api-2eb7c498-f491-4c16-9d81-b80a2edc1445]: exited {"metadata":{"emulator":{"name":"functions"},"message":"[worker-api-2eb7c498-f491-4c16-9d81-b80a2edc1445]: exited"}}
[debug] [2020-10-15T03:02:57.518Z] [worker-api-2eb7c498-f491-4c16-9d81-b80a2edc1445]: FINISHED {"metadata":{"emulator":{"name":"functions"},"message":"[worker-api-2eb7c498-f491-4c16-9d81-b80a2edc1445]: FINISHED"}}
[debug] [2020-10-15T03:02:57.518Z] [work-queue] {"queueLength":0,"workRunningCount":0}
